<?xml version="1.0" encoding="UTF-8"?>
<!-- Generated by org.testng.reporters.JUnitXMLReporter -->
<testsuite hostname="Gazis-MacBook-Pro.local" ignored="0" name="Default test" tests="2" failures="0" timestamp="26 Sep 2019 00:47:48 GMT" time="44.481" errors="0">
  <testcase name="feature" time="24.34" classname="cucumber.api.testng.AbstractTestNGCucumberTests"/>
  <testcase name="feature" time="19.74" classname="cucumber.api.testng.AbstractTestNGCucumberTests"/>
</testsuite> <!-- Default test -->
