<?xml version="1.0" encoding="UTF-8"?>
<testng-results skipped="0" failed="0" ignored="0" total="1" passed="1">
  <reporter-output>
  </reporter-output>
  <suite name="Default suite" duration-ms="29192" started-at="2019-09-17T07:03:35Z" finished-at="2019-09-17T07:04:05Z">
    <groups>
      <group name="cucumber">
        <method signature="AbstractTestNGCucumberTests.feature(cucumber.api.testng.CucumberFeatureWrapper)[pri:0, instance:com.tt.testngrunner.TestngRunner@5442a311]" name="feature" class="cucumber.api.testng.AbstractTestNGCucumberTests"/>
      </group> <!-- cucumber -->
    </groups>
    <test name="Default test" duration-ms="29192" started-at="2019-09-17T07:03:35Z" finished-at="2019-09-17T07:04:05Z">
      <class name="com.tt.testngrunner.TestngRunner">
        <test-method status="PASS" signature="setUpClass()[pri:0, instance:com.tt.testngrunner.TestngRunner@5442a311]" name="setUpClass" is-config="true" duration-ms="1096" started-at="2019-09-17T07:03:35Z" finished-at="2019-09-17T07:03:37Z">
          <reporter-output>
          </reporter-output>
        </test-method> <!-- setUpClass -->
        <test-method status="PASS" signature="feature(cucumber.api.testng.CucumberFeatureWrapper)[pri:0, instance:com.tt.testngrunner.TestngRunner@5442a311]" name="feature" duration-ms="27608" started-at="2019-09-17T07:03:37Z" description="Runs Cucumber Feature" data-provider="features" finished-at="2019-09-17T07:04:05Z">
          <params>
            <param index="0">
              <value>
                <![CDATA[Web application account login function and web account webpage velidation.]]>
              </value>
            </param>
          </params>
          <reporter-output>
          </reporter-output>
        </test-method> <!-- feature -->
        <test-method status="PASS" signature="tearDownClass()[pri:0, instance:com.tt.testngrunner.TestngRunner@5442a311]" name="tearDownClass" is-config="true" duration-ms="4" started-at="2019-09-17T07:04:05Z" finished-at="2019-09-17T07:04:05Z">
          <reporter-output>
          </reporter-output>
        </test-method> <!-- tearDownClass -->
      </class> <!-- com.tt.testngrunner.TestngRunner -->
    </test> <!-- Default test -->
  </suite> <!-- Default suite -->
</testng-results>
