<?xml version="1.0" encoding="UTF-8"?>
<testng-results skipped="0" failed="0" ignored="0" total="2" passed="2">
  <reporter-output>
  </reporter-output>
  <suite name="Default suite" duration-ms="44481" started-at="2019-09-26T00:47:03Z" finished-at="2019-09-26T00:47:47Z">
    <groups>
      <group name="cucumber">
        <method signature="AbstractTestNGCucumberTests.feature(cucumber.api.testng.CucumberFeatureWrapper)[pri:0, instance:com.tt.testngrunner.TestngRunner@5442a311]" name="feature" class="cucumber.api.testng.AbstractTestNGCucumberTests"/>
      </group> <!-- cucumber -->
    </groups>
    <test name="Default test" duration-ms="44481" started-at="2019-09-26T00:47:03Z" finished-at="2019-09-26T00:47:47Z">
      <class name="com.tt.testngrunner.TestngRunner">
        <test-method status="PASS" signature="setUpClass()[pri:0, instance:com.tt.testngrunner.TestngRunner@5442a311]" name="setUpClass" is-config="true" duration-ms="264" started-at="2019-09-26T00:47:03Z" finished-at="2019-09-26T00:47:03Z">
          <reporter-output>
          </reporter-output>
        </test-method> <!-- setUpClass -->
        <test-method status="PASS" signature="feature(cucumber.api.testng.CucumberFeatureWrapper)[pri:0, instance:com.tt.testngrunner.TestngRunner@5442a311]" name="feature" duration-ms="24340" started-at="2019-09-26T00:47:03Z" description="Runs Cucumber Feature" data-provider="features" finished-at="2019-09-26T00:47:28Z">
          <params>
            <param index="0">
              <value>
                <![CDATA[Web application account login function and web account webpage velidation.]]>
              </value>
            </param>
          </params>
          <reporter-output>
          </reporter-output>
        </test-method> <!-- feature -->
        <test-method status="PASS" signature="feature(cucumber.api.testng.CucumberFeatureWrapper)[pri:0, instance:com.tt.testngrunner.TestngRunner@5442a311]" name="feature" duration-ms="19740" started-at="2019-09-26T00:47:28Z" description="Runs Cucumber Feature" data-provider="features" finished-at="2019-09-26T00:47:47Z">
          <params>
            <param index="0">
              <value>
                <![CDATA[switch language from defult english to spanish then english.]]>
              </value>
            </param>
          </params>
          <reporter-output>
          </reporter-output>
        </test-method> <!-- feature -->
        <test-method status="PASS" signature="tearDownClass()[pri:0, instance:com.tt.testngrunner.TestngRunner@5442a311]" name="tearDownClass" is-config="true" duration-ms="4" started-at="2019-09-26T00:47:47Z" finished-at="2019-09-26T00:47:47Z">
          <reporter-output>
          </reporter-output>
        </test-method> <!-- tearDownClass -->
      </class> <!-- com.tt.testngrunner.TestngRunner -->
    </test> <!-- Default test -->
  </suite> <!-- Default suite -->
</testng-results>
